<?xml version="1.0" encoding="UTF-8"?>
<testng-results ignored="0" total="1" passed="1" failed="0" skipped="0">
  <reporter-output>
  </reporter-output>
  <suite started-at="2022-03-01T19:39:51 IST" name="Suite" finished-at="2022-03-01T19:39:57 IST" duration-ms="6000">
    <groups>
    </groups>
    <test started-at="2022-03-01T19:39:51 IST" name="Test" finished-at="2022-03-01T19:39:57 IST" duration-ms="6000">
      <class name="mavenjenkin.login">
        <test-method is-config="true" signature="setup()[pri:0, instance:mavenjenkin.login@a514af7]" started-at="2022-03-01T19:39:51 IST" name="setup" finished-at="2022-03-01T19:39:53 IST" duration-ms="2659" status="PASS">
          <reporter-output>
          </reporter-output>
        </test-method> <!-- setup -->
        <test-method signature="loginTest()[pri:0, instance:mavenjenkin.login@a514af7]" started-at="2022-03-01T19:39:54 IST" name="loginTest" finished-at="2022-03-01T19:39:57 IST" duration-ms="3298" status="PASS">
          <reporter-output>
          </reporter-output>
        </test-method> <!-- loginTest -->
      </class> <!-- mavenjenkin.login -->
    </test> <!-- Test -->
  </suite> <!-- Suite -->
</testng-results>
